------ Tue Aug  5 11:42:01 AM UTC 2025 ------
CPU Load:
%Cpu(s):  9.4 us, 18.8 sy, 12.5 ni, 46.9 id,  9.4 wa,  0.0 hi,  3.1 si,  0.0 st
Memory Usage:
               total        used        free      shared  buff/cache   available
Mem:           3.8Gi       995Mi       102Mi       379Mi       2.7Gi       2.2Gi
Swap:             0B          0B          0B
Disk Usage:
Filesystem      Size  Used Avail Use% Mounted on
/cow            1.9G  378M  1.6G  20% /

------ Tue Aug  5 11:43:01 AM UTC 2025 ------
CPU Load:
%Cpu(s):  6.1 us, 15.2 sy, 15.2 ni, 48.5 id, 15.2 wa,  0.0 hi,  0.0 si,  0.0 st
Memory Usage:
               total        used        free      shared  buff/cache   available
Mem:           3.8Gi       995Mi       102Mi       380Mi       2.7Gi       2.2Gi
Swap:             0B          0B          0B
Disk Usage:
Filesystem      Size  Used Avail Use% Mounted on
/cow            1.9G  379M  1.6G  20% /

